# JRE version: Java(TM) SE Runtime Environment 18.9 (11.0.19+9) (build 11.0.19+9-LTS-224)
# Java VM: Java HotSpot(TM) 64-Bit Server VM 18.9 (11.0.19+9-LTS-224, mixed mode, tiered, compressed oops, g1 gc, windows-amd64)
Heap:
 garbage-first heap   total 155648K, used 32345K [0x0000000082200000, 0x0000000100000000)
  region size 1024K, 7 young (7168K), 7 survivors (7168K)
 Metaspace       used 58587K, capacity 60234K, committed 60288K, reserved 1101824K
  class space    used 7737K, capacity 8426K, committed 8448K, reserved 1048576K
GC Heap History (10 events):
Event: 5.069 GC heap after
{Heap after GC invocations=6 (full 0):
 garbage-first heap   total 129024K, used 17769K [0x0000000082200000, 0x0000000100000000)
  region size 1024K, 7 young (7168K), 7 survivors (7168K)
 Metaspace       used 30815K, capacity 31771K, committed 32000K, reserved 1077248K
  class space    used 3826K, capacity 4231K, committed 4352K, reserved 1048576K
}
Event: 6.085 GC heap before
{Heap before GC invocations=6 (full 0):
 garbage-first heap   total 129024K, used 87401K [0x0000000082200000, 0x0000000100000000)
  region size 1024K, 75 young (76800K), 7 survivors (7168K)
 Metaspace       used 33926K, capacity 35090K, committed 35328K, reserved 1079296K
  class space    used 4305K, capacity 4764K, committed 4864K, reserved 1048576K
}
Event: 6.095 GC heap after
{Heap after GC invocations=7 (full 0):
 garbage-first heap   total 129024K, used 19896K [0x0000000082200000, 0x0000000100000000)
  region size 1024K, 8 young (8192K), 8 survivors (8192K)
 Metaspace       used 33926K, capacity 35090K, committed 35328K, reserved 1079296K
  class space    used 4305K, capacity 4764K, committed 4864K, reserved 1048576K
}
Event: 6.271 GC heap before
{Heap before GC invocations=7 (full 0):
 garbage-first heap   total 129024K, used 33208K [0x0000000082200000, 0x0000000100000000)
  region size 1024K, 22 young (22528K), 8 survivors (8192K)
 Metaspace       used 34601K, capacity 35713K, committed 35840K, reserved 1081344K
  class space    used 4417K, capacity 4864K, committed 4864K, reserved 1048576K
}
Event: 6.280 GC heap after
{Heap after GC invocations=8 (full 0):
 garbage-first heap   total 129024K, used 20556K [0x0000000082200000, 0x0000000100000000)
  region size 1024K, 6 young (6144K), 6 survivors (6144K)
 Metaspace       used 34601K, capacity 35713K, committed 35840K, reserved 1081344K
  class space    used 4417K, capacity 4864K, committed 4864K, reserved 1048576K
}
Event: 7.307 GC heap before
{Heap before GC invocations=9 (full 0):
 garbage-first heap   total 129024K, used 90188K [0x0000000082200000, 0x0000000100000000)
  region size 1024K, 75 young (76800K), 6 survivors (6144K)
 Metaspace       used 40590K, capacity 42018K, committed 42188K, reserved 1085440K
  class space    used 5208K, capacity 5765K, committed 5888K, reserved 1048576K
}
Event: 7.318 GC heap after
{Heap after GC invocations=10 (full 0):
 garbage-first heap   total 129024K, used 27580K [0x0000000082200000, 0x0000000100000000)
  region size 1024K, 10 young (10240K), 10 survivors (10240K)
 Metaspace       used 40590K, capacity 42018K, committed 42188K, reserved 1085440K
  class space    used 5208K, capacity 5765K, committed 5888K, reserved 1048576K
}
Event: 8.623 GC heap before
{Heap before GC invocations=10 (full 0):
 garbage-first heap   total 129024K, used 94140K [0x0000000082200000, 0x0000000100000000)
  region size 1024K, 75 young (76800K), 10 survivors (10240K)
 Metaspace       used 49056K, capacity 50608K, committed 50892K, reserved 1093632K
  class space    used 6214K, capacity 6828K, committed 6912K, reserved 1048576K
}
Event: 8.634 GC heap after
{Heap after GC invocations=11 (full 0):
 garbage-first heap   total 129024K, used 29916K [0x0000000082200000, 0x0000000100000000)
  region size 1024K, 5 young (5120K), 5 survivors (5120K)
 Metaspace       used 49056K, capacity 50608K, committed 50892K, reserved 1093632K
  class space    used 6214K, capacity 6828K, committed 6912K, reserved 1048576K
}
Event: 10.213 GC heap before
{Heap before GC invocations=11 (full 0):
 garbage-first heap   total 129024K, used 91356K [0x0000000082200000, 0x0000000100000000)
  region size 1024K, 66 young (67584K), 5 survivors (5120K)
 Metaspace       used 58587K, capacity 60234K, committed 60288K, reserved 1101824K
  class space    used 7737K, capacity 8426K, committed 8448K, reserved 1048576K
}

